baseAnimation/build/outputs/logs/manifest-merger-debug-report.txt
-- Merging decision tree log ---
manifest
ADDED from src/main/AndroidManifest.xml:2:1-586:12
	xmlns:tools
		ADDED from src/main/AndroidManifest.xml:3:5-51
	xmlns:android
		ADDED from src/main/AndroidManifest.xml:2:11-69
	package
		ADDED from src/main/AndroidManifest.xml:4:5-40
		INJECTED from src/main/AndroidManifest.xml
		INJECTED from src/main/AndroidManifest.xml
	android:versionName
		ADDED from src/main/AndroidManifest.xml:6:5-32
		INJECTED from src/main/AndroidManifest.xml
		INJECTED from src/main/AndroidManifest.xml
	android:versionCode
		ADDED from src/main/AndroidManifest.xml:5:5-30
		INJECTED from src/main/AndroidManifest.xml
		INJECTED from src/main/AndroidManifest.xml
uses-sdk
ADDED from src/main/AndroidManifest.xml:8:5-10:41
MERGED from [BaseAnimation:bAnim_FilpLibrary:unspecified] AndroidManifest.xml:7:5-9:41
MERGED from [BaseAnimation:bAnim_ListViewLibrary:unspecified] AndroidManifest.xml:7:5-9:41
MERGED from [com.android.support:appcompat-v7:18.0.0] AndroidManifest.xml:18:5-42
	android:targetSdkVersion
		ADDED from src/main/AndroidManifest.xml:10:9-38
		INJECTED from src/main/AndroidManifest.xml
		INJECTED from src/main/AndroidManifest.xml
	android:minSdkVersion
		ADDED from src/main/AndroidManifest.xml:9:9-35
		INJECTED from src/main/AndroidManifest.xml
		INJECTED from src/main/AndroidManifest.xml
uses-permission#android.permission.VIBRATE
ADDED from src/main/AndroidManifest.xml:13:5-14:23
	android:name
		ADDED from src/main/AndroidManifest.xml:13:22-63
permission#com.duguang.baseanimation.permission.JPUSH_MESSAGE
ADDED from src/main/AndroidManifest.xml:18:5-20:47
	android:protectionLevel
		ADDED from src/main/AndroidManifest.xml:20:9-44
	android:name
		ADDED from src/main/AndroidManifest.xml:19:9-74
uses-permission#android.permission.SYSTEM_ALERT_WINDOW
ADDED from src/main/AndroidManifest.xml:23:5-78
	android:name
		ADDED from src/main/AndroidManifest.xml:23:22-75
uses-permission#com.android.vending.BILLING
ADDED from src/main/AndroidManifest.xml:24:5-67
	android:name
		ADDED from src/main/AndroidManifest.xml:24:22-64
uses-permission#com.duguang.baseanimation.permission.JPUSH_MESSAGE
ADDED from src/main/AndroidManifest.xml:27:5-90
	android:name
		ADDED from src/main/AndroidManifest.xml:27:22-87
uses-permission#android.permission.RECEIVE_USER_PRESENT
ADDED from src/main/AndroidManifest.xml:28:5-79
	android:name
		ADDED from src/main/AndroidManifest.xml:28:22-76
uses-permission#android.permission.INTERNET
ADDED from src/main/AndroidManifest.xml:29:5-67
	android:name
		ADDED from src/main/AndroidManifest.xml:29:22-64
uses-permission#android.permission.WAKE_LOCK
ADDED from src/main/AndroidManifest.xml:30:5-68
	android:name
		ADDED from src/main/AndroidManifest.xml:30:22-65
uses-permission#android.permission.READ_PHONE_STATE
ADDED from src/main/AndroidManifest.xml:31:5-75
	android:name
		ADDED from src/main/AndroidManifest.xml:31:22-72
uses-permission#android.permission.WRITE_EXTERNAL_STORAGE
ADDED from src/main/AndroidManifest.xml:32:5-81
	android:name
		ADDED from src/main/AndroidManifest.xml:32:22-78
uses-permission#android.permission.READ_EXTERNAL_STORAGE
ADDED from src/main/AndroidManifest.xml:33:5-80
	android:name
		ADDED from src/main/AndroidManifest.xml:33:22-77
uses-permission#android.permission.MOUNT_UNMOUNT_FILESYSTEMS
ADDED from src/main/AndroidManifest.xml:35:5-84
	android:name
		ADDED from src/main/AndroidManifest.xml:35:22-81
uses-permission#android.permission.ACCESS_NETWORK_STATE
ADDED from src/main/AndroidManifest.xml:36:5-79
	android:name
		ADDED from src/main/AndroidManifest.xml:36:22-76
uses-permission#android.permission.ACCESS_COARSE_LOCATION
ADDED from src/main/AndroidManifest.xml:40:5-81
	android:name
		ADDED from src/main/AndroidManifest.xml:40:22-78
uses-permission#android.permission.ACCESS_WIFI_STATE
ADDED from src/main/AndroidManifest.xml:41:5-76
	android:name
		ADDED from src/main/AndroidManifest.xml:41:22-73
uses-permission#android.permission.CHANGE_WIFI_STATE
ADDED from src/main/AndroidManifest.xml:42:5-76
	android:name
		ADDED from src/main/AndroidManifest.xml:42:22-73
uses-permission#android.permission.ACCESS_FINE_LOCATION
ADDED from src/main/AndroidManifest.xml:43:5-79
	android:name
		ADDED from src/main/AndroidManifest.xml:43:22-76
uses-permission#android.permission.ACCESS_LOCATION_EXTRA_COMMANDS
ADDED from src/main/AndroidManifest.xml:44:5-89
	android:name
		ADDED from src/main/AndroidManifest.xml:44:22-86
uses-permission#android.permission.CHANGE_NETWORK_STATE
ADDED from src/main/AndroidManifest.xml:45:5-79
	android:name
		ADDED from src/main/AndroidManifest.xml:45:22-76
application
ADDED from src/main/AndroidManifest.xml:61:5-584:19
MERGED from [BaseAnimation:bAnim_FilpLibrary:unspecified] AndroidManifest.xml:11:5-15:19
MERGED from [com.android.support:appcompat-v7:18.0.0] AndroidManifest.xml:19:5-20
	android:label
		ADDED from src/main/AndroidManifest.xml:65:9-41
	android:allowBackup
		ADDED from src/main/AndroidManifest.xml:62:9-35
	android:icon
		ADDED from src/main/AndroidManifest.xml:64:9-45
	android:theme
		ADDED from src/main/AndroidManifest.xml:66:9-53
		REJECTED from [BaseAnimation:bAnim_FilpLibrary:unspecified] AndroidManifest.xml:14:9-40
	tools:replace
		ADDED from src/main/AndroidManifest.xml:63:9-38
activity#com.duguang.baseanimation.ui.MainActivity
ADDED from src/main/AndroidManifest.xml:70:9-78:20
	android:label
		ADDED from src/main/AndroidManifest.xml:72:13-45
	android:name
		ADDED from src/main/AndroidManifest.xml:71:13-69
intent-filter#android.intent.action.MAIN+android.intent.category.LAUNCHER
ADDED from src/main/AndroidManifest.xml:73:13-77:29
action#android.intent.action.MAIN
ADDED from src/main/AndroidManifest.xml:74:17-69
	android:name
		ADDED from src/main/AndroidManifest.xml:74:25-66
category#android.intent.category.LAUNCHER
ADDED from src/main/AndroidManifest.xml:76:17-77
	android:name
		ADDED from src/main/AndroidManifest.xml:76:27-74
activity#com.duguang.baseanimation.ui.SimpleActivity
ADDED from src/main/AndroidManifest.xml:83:9-84:20
	android:name
		ADDED from src/main/AndroidManifest.xml:83:19-77
activity#com.duguang.baseanimation.ui.ComplexActivity
ADDED from src/main/AndroidManifest.xml:85:9-86:20
	android:name
		ADDED from src/main/AndroidManifest.xml:85:19-78
activity#com.duguang.baseanimation.ui.AboutActivity
ADDED from src/main/AndroidManifest.xml:87:9-90:20
	android:name
		ADDED from src/main/AndroidManifest.xml:88:13-70
	android:launchMode
		ADDED from src/main/AndroidManifest.xml:89:13-44
activity#com.duguang.baseanimation.ui.splash.ZakerActivity
ADDED from src/main/AndroidManifest.xml:93:9-86
	android:name
		ADDED from src/main/AndroidManifest.xml:93:19-83
activity#com.duguang.baseanimation.ui.splash.SplashMainActivity
ADDED from src/main/AndroidManifest.xml:94:9-91
	android:name
		ADDED from src/main/AndroidManifest.xml:94:19-88
activity#com.duguang.baseanimation.ui.splash.LensFocusActivity
ADDED from src/main/AndroidManifest.xml:95:9-90
	android:name
		ADDED from src/main/AndroidManifest.xml:95:19-87
activity#com.duguang.baseanimation.ui.splash.RotateActivity
ADDED from src/main/AndroidManifest.xml:96:9-87
	android:name
		ADDED from src/main/AndroidManifest.xml:96:19-84
activity#com.duguang.baseanimation.ui.splash.Rotate3DActivity
ADDED from src/main/AndroidManifest.xml:97:9-89
	android:name
		ADDED from src/main/AndroidManifest.xml:97:19-86
activity#com.duguang.baseanimation.ui.splash.ViewPagerActivity
ADDED from src/main/AndroidManifest.xml:98:9-90
	android:name
		ADDED from src/main/AndroidManifest.xml:98:19-87
activity#com.duguang.baseanimation.ui.splash.splitActivity.Activity1
ADDED from src/main/AndroidManifest.xml:99:9-96
	android:name
		ADDED from src/main/AndroidManifest.xml:99:19-93
activity#com.duguang.baseanimation.ui.splash.splitActivity.Activity2
ADDED from src/main/AndroidManifest.xml:100:9-96
	android:name
		ADDED from src/main/AndroidManifest.xml:100:19-93
activity#com.duguang.baseanimation.ui.splash.splitActivity.Activity3
ADDED from src/main/AndroidManifest.xml:101:9-96
	android:name
		ADDED from src/main/AndroidManifest.xml:101:19-93
activity#com.duguang.baseanimation.ui.splash.splitActivity.Activity4
ADDED from src/main/AndroidManifest.xml:102:9-96
	android:name
		ADDED from src/main/AndroidManifest.xml:102:19-93
activity#com.duguang.baseanimation.ui.splash.fade.FadeMainActivity
ADDED from src/main/AndroidManifest.xml:103:9-94
	android:name
		ADDED from src/main/AndroidManifest.xml:103:19-91
activity#com.duguang.baseanimation.ui.splash.fade.FadeSplashScreenActivity
ADDED from src/main/AndroidManifest.xml:104:9-102
	android:name
		ADDED from src/main/AndroidManifest.xml:104:19-99
activity#com.duguang.baseanimation.ui.splash.fade2.Fade2MainActivity
ADDED from src/main/AndroidManifest.xml:105:9-96
	android:name
		ADDED from src/main/AndroidManifest.xml:105:19-93
activity#com.duguang.baseanimation.ui.splash.BackGroundColor.BackGroundColorAnimationActivity
ADDED from src/main/AndroidManifest.xml:106:9-121
	android:name
		ADDED from src/main/AndroidManifest.xml:106:19-118
activity#com.duguang.baseanimation.ui.flip.FlipMainActivity
ADDED from src/main/AndroidManifest.xml:111:9-87
	android:name
		ADDED from src/main/AndroidManifest.xml:111:19-84
activity#com.duguang.baseanimation.ui.flip.FlipTextViewActivity
ADDED from src/main/AndroidManifest.xml:112:9-91
	android:name
		ADDED from src/main/AndroidManifest.xml:112:19-88
activity#com.duguang.baseanimation.ui.flip.FlipButtonActivity
ADDED from src/main/AndroidManifest.xml:113:9-89
	android:name
		ADDED from src/main/AndroidManifest.xml:113:19-86
activity#com.duguang.baseanimation.ui.flip.FlipComplexLayoutActivity
ADDED from src/main/AndroidManifest.xml:114:9-96
	android:name
		ADDED from src/main/AndroidManifest.xml:114:19-93
activity#com.duguang.baseanimation.ui.flip.FlipDeleteAdapterActivity
ADDED from src/main/AndroidManifest.xml:115:9-96
	android:name
		ADDED from src/main/AndroidManifest.xml:115:19-93
activity#com.duguang.baseanimation.ui.flip.FlipAsyncContentActivity
ADDED from src/main/AndroidManifest.xml:116:9-95
	android:name
		ADDED from src/main/AndroidManifest.xml:116:19-92
activity#com.duguang.baseanimation.ui.flip.FlipTextViewAltActivity
ADDED from src/main/AndroidManifest.xml:117:9-94
	android:name
		ADDED from src/main/AndroidManifest.xml:117:19-91
activity#com.duguang.baseanimation.ui.flip.FlipHorizontalLayoutActivity
ADDED from src/main/AndroidManifest.xml:118:9-99
	android:name
		ADDED from src/main/AndroidManifest.xml:118:19-96
activity#com.duguang.baseanimation.ui.flip.FlipTextViewXmlActivity
ADDED from src/main/AndroidManifest.xml:119:9-94
	android:name
		ADDED from src/main/AndroidManifest.xml:119:19-91
activity#com.duguang.baseanimation.ui.flip.Issue5Activity
ADDED from src/main/AndroidManifest.xml:120:9-85
	android:name
		ADDED from src/main/AndroidManifest.xml:120:19-82
activity#com.duguang.baseanimation.ui.flip.FlipFragmentActivity
ADDED from src/main/AndroidManifest.xml:121:9-91
	android:name
		ADDED from src/main/AndroidManifest.xml:121:19-88
activity#com.duguang.baseanimation.ui.flip.FlipDynamicAdapterActivity
ADDED from src/main/AndroidManifest.xml:122:9-97
	android:name
		ADDED from src/main/AndroidManifest.xml:122:19-94
activity#com.duguang.baseanimation.ui.flip.FlipWebViewActivity
ADDED from src/main/AndroidManifest.xml:123:9-90
	android:name
		ADDED from src/main/AndroidManifest.xml:123:19-87
activity#com.duguang.baseanimation.ui.flip.Issue51Activity
ADDED from src/main/AndroidManifest.xml:124:9-86
	android:name
		ADDED from src/main/AndroidManifest.xml:124:19-83
activity#com.duguang.baseanimation.ui.imitate.ImitateMainActivity
ADDED from src/main/AndroidManifest.xml:129:9-131:47
	android:name
		ADDED from src/main/AndroidManifest.xml:130:13-84
	android:launchMode
		ADDED from src/main/AndroidManifest.xml:131:13-44
activity#com.duguang.baseanimation.ui.imitate.OutTicketActivity
ADDED from src/main/AndroidManifest.xml:132:9-134:47
	android:name
		ADDED from src/main/AndroidManifest.xml:133:13-82
	android:launchMode
		ADDED from src/main/AndroidManifest.xml:134:13-44
activity#com.duguang.baseanimation.ui.imitate.TaobaoPathbutton.TaobaoActivity
ADDED from src/main/AndroidManifest.xml:135:9-137:47
	android:name
		ADDED from src/main/AndroidManifest.xml:136:13-96
	android:launchMode
		ADDED from src/main/AndroidManifest.xml:137:13-44
activity#com.duguang.baseanimation.ui.imitate.YouKuActivity
ADDED from src/main/AndroidManifest.xml:138:9-140:47
	android:name
		ADDED from src/main/AndroidManifest.xml:139:13-78
	android:launchMode
		ADDED from src/main/AndroidManifest.xml:140:13-44
activity#com.duguang.baseanimation.ui.imitate.SpinnerMainActivity
ADDED from src/main/AndroidManifest.xml:141:9-143:47
	android:name
		ADDED from src/main/AndroidManifest.xml:142:13-84
	android:launchMode
		ADDED from src/main/AndroidManifest.xml:143:13-44
activity#com.duguang.baseanimation.ui.imitate.gallery.GalleryMainActivity
ADDED from src/main/AndroidManifest.xml:144:9-146:47
	android:name
		ADDED from src/main/AndroidManifest.xml:145:13-92
	android:launchMode
		ADDED from src/main/AndroidManifest.xml:146:13-44
activity#com.duguang.baseanimation.ui.imitate.RadarMainActivity
ADDED from src/main/AndroidManifest.xml:147:9-149:47
	android:name
		ADDED from src/main/AndroidManifest.xml:148:13-82
	android:launchMode
		ADDED from src/main/AndroidManifest.xml:149:13-44
activity#com.duguang.baseanimation.ui.imitate.counter.CalculatorActivity
ADDED from src/main/AndroidManifest.xml:150:9-100
	android:name
		ADDED from src/main/AndroidManifest.xml:150:19-97
activity#com.duguang.baseanimation.ui.imitate.counter.HelpAboutActivity
ADDED from src/main/AndroidManifest.xml:151:9-99
	android:name
		ADDED from src/main/AndroidManifest.xml:151:19-96
activity#com.duguang.baseanimation.ui.imitate.counter.MoreFunctionsActivity
ADDED from src/main/AndroidManifest.xml:152:9-103
	android:name
		ADDED from src/main/AndroidManifest.xml:152:19-100
activity#com.duguang.baseanimation.ui.imitate.biaopan.BiaoPanMainActivity
ADDED from src/main/AndroidManifest.xml:153:9-101
	android:name
		ADDED from src/main/AndroidManifest.xml:153:19-98
activity#com.duguang.baseanimation.ui.imitate.waterfall.WaterfallMainActivity
ADDED from src/main/AndroidManifest.xml:154:9-105
	android:name
		ADDED from src/main/AndroidManifest.xml:154:19-102
activity#com.duguang.baseanimation.ui.imitate.fang360.RootblockMainActivity
ADDED from src/main/AndroidManifest.xml:155:9-103
	android:name
		ADDED from src/main/AndroidManifest.xml:155:19-100
activity#com.duguang.baseanimation.ui.imitate.wheel.WheelMainActivity
ADDED from src/main/AndroidManifest.xml:156:9-97
	android:name
		ADDED from src/main/AndroidManifest.xml:156:19-94
activity#com.duguang.baseanimation.ui.imitate.widget.WidgetMainActivity
ADDED from src/main/AndroidManifest.xml:157:9-99
	android:name
		ADDED from src/main/AndroidManifest.xml:157:19-96
activity#com.duguang.baseanimation.ui.imitate.weixin.WeixinChatDemoActivity
ADDED from src/main/AndroidManifest.xml:158:9-103
	android:name
		ADDED from src/main/AndroidManifest.xml:158:19-100
activity#com.duguang.baseanimation.ui.imitate.viberation.ViberationMain
ADDED from src/main/AndroidManifest.xml:159:9-99
	android:name
		ADDED from src/main/AndroidManifest.xml:159:19-96
activity#com.duguang.baseanimation.ui.imitate.SlidingDrawerMainActivity
ADDED from src/main/AndroidManifest.xml:160:9-99
	android:name
		ADDED from src/main/AndroidManifest.xml:160:19-96
activity#com.duguang.baseanimation.ui.imitate.taobaoPath2.PathMenuMainActivity
ADDED from src/main/AndroidManifest.xml:161:9-106
	android:name
		ADDED from src/main/AndroidManifest.xml:161:19-103
activity#com.duguang.baseanimation.ui.imitate.addshopcartanim.AddShopCartMainActivity
ADDED from src/main/AndroidManifest.xml:162:9-113
	android:name
		ADDED from src/main/AndroidManifest.xml:162:19-110
activity#com.duguang.baseanimation.ui.imitate.titanic.TitanicMainActivity
ADDED from src/main/AndroidManifest.xml:163:4-96
	android:name
		ADDED from src/main/AndroidManifest.xml:163:14-93
activity#com.duguang.baseanimation.ui.listivew.ListViewMani
ADDED from src/main/AndroidManifest.xml:168:9-170:47
	android:name
		ADDED from src/main/AndroidManifest.xml:169:13-78
	android:launchMode
		ADDED from src/main/AndroidManifest.xml:170:13-44
activity#com.duguang.baseanimation.ui.listivew.deletelistview.DeleteListViewMainActivity
ADDED from src/main/AndroidManifest.xml:171:9-173:47
	android:name
		ADDED from src/main/AndroidManifest.xml:172:13-107
	android:launchMode
		ADDED from src/main/AndroidManifest.xml:173:13-44
activity#com.duguang.baseanimation.ui.listivew.refresh.RefreshMainActivity
ADDED from src/main/AndroidManifest.xml:174:9-176:47
	android:name
		ADDED from src/main/AndroidManifest.xml:175:13-93
	android:launchMode
		ADDED from src/main/AndroidManifest.xml:176:13-44
activity#com.duguang.baseanimation.ui.listivew.sortlistview.SortListViewMainActivity
ADDED from src/main/AndroidManifest.xml:177:9-179:47
	android:name
		ADDED from src/main/AndroidManifest.xml:178:13-103
	android:launchMode
		ADDED from src/main/AndroidManifest.xml:179:13-44
activity#com.duguang.baseanimation.ui.listivew.indexlistview.IndexMainActivity
ADDED from src/main/AndroidManifest.xml:180:9-182:47
	android:name
		ADDED from src/main/AndroidManifest.xml:181:13-97
	android:launchMode
		ADDED from src/main/AndroidManifest.xml:182:13-44
activity#com.duguang.baseanimation.ui.listivew.deleteleft.DeleteLeftMainActivity
ADDED from src/main/AndroidManifest.xml:183:9-185:47
	android:name
		ADDED from src/main/AndroidManifest.xml:184:13-99
	android:launchMode
		ADDED from src/main/AndroidManifest.xml:185:13-44
activity#com.duguang.baseanimation.ui.listivew.deletealpha.DeleteAlphaMainActivity
ADDED from src/main/AndroidManifest.xml:186:9-188:47
	android:name
		ADDED from src/main/AndroidManifest.xml:187:13-101
	android:launchMode
		ADDED from src/main/AndroidManifest.xml:188:13-44
activity#com.duguang.baseanimation.ui.listivew.listviews.ListViewsMainActivity
ADDED from src/main/AndroidManifest.xml:189:9-191:47
	android:theme
		ADDED from src/main/AndroidManifest.xml:191:13-44
	android:name
		ADDED from src/main/AndroidManifest.xml:190:13-97
activity#com.duguang.baseanimation.ui.listivew.listviews.MyListActivity
ADDED from src/main/AndroidManifest.xml:192:9-99
	android:name
		ADDED from src/main/AndroidManifest.xml:192:19-96
activity#com.duguang.baseanimation.ui.listivew.listviews.appearanceexamples.AppearanceExamplesActivity
ADDED from src/main/AndroidManifest.xml:193:9-195:50
	android:label
		ADDED from src/main/AndroidManifest.xml:195:13-47
	android:name
		ADDED from src/main/AndroidManifest.xml:194:13-121
activity#com.duguang.baseanimation.ui.listivew.listviews.GoogleCardsActivity
ADDED from src/main/AndroidManifest.xml:196:9-198:51
	android:label
		ADDED from src/main/AndroidManifest.xml:198:13-48
	android:name
		ADDED from src/main/AndroidManifest.xml:197:13-95
activity#com.duguang.baseanimation.ui.listivew.listviews.itemmanipulationexamples.ItemManipulationsExamplesActivity
ADDED from src/main/AndroidManifest.xml:199:9-201:56
	android:label
		ADDED from src/main/AndroidManifest.xml:201:13-53
	android:name
		ADDED from src/main/AndroidManifest.xml:200:13-134
activity#com.duguang.baseanimation.ui.listivew.listviews.itemmanipulationexamples.DragAndDropActivity
ADDED from src/main/AndroidManifest.xml:202:9-204:51
	android:label
		ADDED from src/main/AndroidManifest.xml:204:13-48
	android:name
		ADDED from src/main/AndroidManifest.xml:203:13-120
activity#com.duguang.baseanimation.ui.listivew.listviews.itemmanipulationexamples.SwipeDismissActivity
ADDED from src/main/AndroidManifest.xml:205:9-207:52
	android:label
		ADDED from src/main/AndroidManifest.xml:207:13-49
	android:name
		ADDED from src/main/AndroidManifest.xml:206:13-121
activity#com.duguang.baseanimation.ui.listivew.listviews.itemmanipulationexamples.AnimateDismissActivity
ADDED from src/main/AndroidManifest.xml:208:9-210:54
	android:label
		ADDED from src/main/AndroidManifest.xml:210:13-51
	android:name
		ADDED from src/main/AndroidManifest.xml:209:13-123
activity#com.duguang.baseanimation.ui.listivew.listviews.GridViewActivity
ADDED from src/main/AndroidManifest.xml:211:9-213:55
	android:label
		ADDED from src/main/AndroidManifest.xml:213:13-52
	android:name
		ADDED from src/main/AndroidManifest.xml:212:13-92
activity#com.duguang.baseanimation.ui.listivew.listviews.itemmanipulationexamples.ExpandableListItemActivity
ADDED from src/main/AndroidManifest.xml:214:9-216:65
	android:label
		ADDED from src/main/AndroidManifest.xml:216:13-62
	android:name
		ADDED from src/main/AndroidManifest.xml:215:13-127
activity#com.duguang.baseanimation.ui.listivew.interceptor.ListViewInterceptorMainActivity
ADDED from src/main/AndroidManifest.xml:217:9-118
	android:name
		ADDED from src/main/AndroidManifest.xml:217:19-115
activity#com.duguang.baseanimation.ui.listivew.listforpage.ListForPageMainActivity
ADDED from src/main/AndroidManifest.xml:218:9-110
	android:name
		ADDED from src/main/AndroidManifest.xml:218:19-107
activity#com.duguang.baseanimation.ui.tab.paralloid.ParalloidHomeActivity
ADDED from src/main/AndroidManifest.xml:219:9-101
	android:name
		ADDED from src/main/AndroidManifest.xml:219:19-98
activity#com.duguang.baseanimation.ui.customview.CustomViewMainActivity
ADDED from src/main/AndroidManifest.xml:225:9-99
	android:name
		ADDED from src/main/AndroidManifest.xml:225:19-96
activity#com.duguang.baseanimation.ui.customview.clickdeflect.ClickDeflectActivity
ADDED from src/main/AndroidManifest.xml:226:9-110
	android:name
		ADDED from src/main/AndroidManifest.xml:226:19-107
activity#com.duguang.baseanimation.ui.customview.morecustom.MoreCustomMainActivity
ADDED from src/main/AndroidManifest.xml:227:9-110
	android:name
		ADDED from src/main/AndroidManifest.xml:227:19-107
activity#com.duguang.baseanimation.ui.customview.circlemenu.CircleMenuMainActivity
ADDED from src/main/AndroidManifest.xml:228:9-110
	android:name
		ADDED from src/main/AndroidManifest.xml:228:19-107
activity#com.duguang.baseanimation.ui.customview.titlelistview.TitleListViewMainActivity
ADDED from src/main/AndroidManifest.xml:229:9-116
	android:name
		ADDED from src/main/AndroidManifest.xml:229:19-113
activity#com.duguang.baseanimation.ui.customview.gallerylistview.GalleryListViewMain
ADDED from src/main/AndroidManifest.xml:230:9-112
	android:name
		ADDED from src/main/AndroidManifest.xml:230:19-109
activity#com.duguang.baseanimation.ui.customview.ribbomenu.RibbonMainActivity
ADDED from src/main/AndroidManifest.xml:231:9-105
	android:name
		ADDED from src/main/AndroidManifest.xml:231:19-102
activity#com.duguang.baseanimation.ui.customview.hscrollview.ScrollviewMainActivity
ADDED from src/main/AndroidManifest.xml:232:9-111
	android:name
		ADDED from src/main/AndroidManifest.xml:232:19-108
activity#com.duguang.baseanimation.ui.customview.progressbar.ProgressBarMain
ADDED from src/main/AndroidManifest.xml:233:9-104
	android:name
		ADDED from src/main/AndroidManifest.xml:233:19-101
activity#com.duguang.baseanimation.ui.customview.progressbar.ProgressBar_Color
ADDED from src/main/AndroidManifest.xml:234:9-106
	android:name
		ADDED from src/main/AndroidManifest.xml:234:19-103
activity#com.duguang.baseanimation.ui.customview.progressbar.ProgressBar_Indeter
ADDED from src/main/AndroidManifest.xml:235:9-108
	android:name
		ADDED from src/main/AndroidManifest.xml:235:19-105
activity#com.duguang.baseanimation.ui.customview.progressbar.ProgressBar_Left
ADDED from src/main/AndroidManifest.xml:236:9-105
	android:name
		ADDED from src/main/AndroidManifest.xml:236:19-102
activity#com.duguang.baseanimation.ui.customview.progressbar.ProgressBar_Right
ADDED from src/main/AndroidManifest.xml:237:9-106
	android:name
		ADDED from src/main/AndroidManifest.xml:237:19-103
activity#com.duguang.baseanimation.ui.customview.lodingdialog.LoadingDialogMainActivity
ADDED from src/main/AndroidManifest.xml:238:9-115
	android:name
		ADDED from src/main/AndroidManifest.xml:238:19-112
activity#com.duguang.baseanimation.ui.customview.popwindow.PoupWindowMainActivity
ADDED from src/main/AndroidManifest.xml:239:9-109
	android:name
		ADDED from src/main/AndroidManifest.xml:239:19-106
activity#com.duguang.baseanimation.ui.customview.DialogsMainActivity
ADDED from src/main/AndroidManifest.xml:240:9-96
	android:name
		ADDED from src/main/AndroidManifest.xml:240:19-93
activity#com.duguang.baseanimation.ui.customview.yzhou.TwoSidedViewActivity
ADDED from src/main/AndroidManifest.xml:241:9-103
	android:name
		ADDED from src/main/AndroidManifest.xml:241:19-100
activity#com.duguang.baseanimation.ui.customview.TransparentPopWindowMenu
ADDED from src/main/AndroidManifest.xml:242:9-101
	android:name
		ADDED from src/main/AndroidManifest.xml:242:19-98
activity#com.duguang.baseanimation.ui.customview.serchfly.SearchFlyActivity
ADDED from src/main/AndroidManifest.xml:243:9-103
	android:name
		ADDED from src/main/AndroidManifest.xml:243:19-100
activity#com.duguang.baseanimation.ui.customview.badger.BadgerMainActivity
ADDED from src/main/AndroidManifest.xml:244:9-102
	android:name
		ADDED from src/main/AndroidManifest.xml:244:19-99
activity#com.duguang.baseanimation.ui.customview.switchs.SwitchMainActivity
ADDED from src/main/AndroidManifest.xml:245:9-103
	android:name
		ADDED from src/main/AndroidManifest.xml:245:19-100
activity#com.duguang.baseanimation.ui.customview.milaucher.MiLaucherMainActivity
ADDED from src/main/AndroidManifest.xml:246:9-108
	android:name
		ADDED from src/main/AndroidManifest.xml:246:19-105
activity#com.duguang.baseanimation.ui.customview.secrettextview.SecretTextViewActivity
ADDED from src/main/AndroidManifest.xml:247:9-114
	android:name
		ADDED from src/main/AndroidManifest.xml:247:19-111
activity#com.duguang.baseanimation.ui.customview.foldablelayout.activity.FoldableBaseActivity
ADDED from src/main/AndroidManifest.xml:248:9-121
	android:name
		ADDED from src/main/AndroidManifest.xml:248:19-118
activity#com.duguang.baseanimation.ui.customview.foldablelayout.activity.FoldableListMainActivity
ADDED from src/main/AndroidManifest.xml:249:9-125
	android:name
		ADDED from src/main/AndroidManifest.xml:249:19-122
activity#com.duguang.baseanimation.ui.customview.foldablelayout.activity.UnfoldableDetailsMainActivity
ADDED from src/main/AndroidManifest.xml:250:9-130
	android:name
		ADDED from src/main/AndroidManifest.xml:250:19-127
activity#com.duguang.baseanimation.ui.tab.TabMainActivity
ADDED from src/main/AndroidManifest.xml:258:9-85
	android:name
		ADDED from src/main/AndroidManifest.xml:258:19-82
activity#com.duguang.baseanimation.ui.tab.WinterMainActivity
ADDED from src/main/AndroidManifest.xml:259:9-88
	android:name
		ADDED from src/main/AndroidManifest.xml:259:19-85
activity#com.duguang.baseanimation.ui.tab.scroll.ScrollViewMainActivity
ADDED from src/main/AndroidManifest.xml:260:9-99
	android:name
		ADDED from src/main/AndroidManifest.xml:260:19-96
activity#com.duguang.baseanimation.ui.tab.gviewpager.GViewPagerMainActivity
ADDED from src/main/AndroidManifest.xml:261:9-103
	android:name
		ADDED from src/main/AndroidManifest.xml:261:19-100
activity#com.duguang.baseanimation.ui.tab.gviewpager.GViewPagerMainActivityOne
ADDED from src/main/AndroidManifest.xml:262:9-106
	android:name
		ADDED from src/main/AndroidManifest.xml:262:19-103
activity#com.duguang.baseanimation.ui.tab.gviewpager.GViewPagerMainActivityTwo
ADDED from src/main/AndroidManifest.xml:263:9-106
	android:name
		ADDED from src/main/AndroidManifest.xml:263:19-103
activity#com.duguang.baseanimation.ui.tab.tabhost.TabHostMoveMainActivity
ADDED from src/main/AndroidManifest.xml:264:9-101
	android:name
		ADDED from src/main/AndroidManifest.xml:264:19-98
activity#com.duguang.baseanimation.ui.tab.PagerTabStrip.PagerTabMainActivity
ADDED from src/main/AndroidManifest.xml:265:9-104
	android:name
		ADDED from src/main/AndroidManifest.xml:265:19-101
activity#com.duguang.baseanimation.ui.tab.viewflow.AsyncDataFlowActivity
ADDED from src/main/AndroidManifest.xml:266:9-100
	android:name
		ADDED from src/main/AndroidManifest.xml:266:19-97
activity#com.duguang.baseanimation.ui.tab.viewflow.CircleViewFlowActivity
ADDED from src/main/AndroidManifest.xml:267:9-146
	android:theme
		ADDED from src/main/AndroidManifest.xml:267:99-144
	android:name
		ADDED from src/main/AndroidManifest.xml:267:19-98
activity#com.duguang.baseanimation.ui.tab.viewflow.DiffViewFlowActivity
ADDED from src/main/AndroidManifest.xml:268:9-99
	android:name
		ADDED from src/main/AndroidManifest.xml:268:19-96
activity#com.duguang.baseanimation.ui.tab.viewflow.TitleViewFlowActivity
ADDED from src/main/AndroidManifest.xml:269:9-100
	android:name
		ADDED from src/main/AndroidManifest.xml:269:19-97
activity#com.duguang.baseanimation.ui.tab.viewflow.ViewFlowActivity
ADDED from src/main/AndroidManifest.xml:270:9-95
	android:name
		ADDED from src/main/AndroidManifest.xml:270:19-92
activity#com.duguang.baseanimation.ui.nineold.NineOldMani
ADDED from src/main/AndroidManifest.xml:276:9-284:20
	android:label
		ADDED from src/main/AndroidManifest.xml:278:13-34
	android:name
		ADDED from src/main/AndroidManifest.xml:277:13-76
intent-filter#android.intent.action.MAIN+com.duguang.baseanimation
ADDED from src/main/AndroidManifest.xml:279:13-283:29
category#com.duguang.baseanimation
ADDED from src/main/AndroidManifest.xml:282:17-70
	android:name
		ADDED from src/main/AndroidManifest.xml:282:27-67
activity#com.duguang.baseanimation.ui.nineold.Toggles
ADDED from src/main/AndroidManifest.xml:285:9-293:20
	android:label
		ADDED from src/main/AndroidManifest.xml:287:13-36
	android:name
		ADDED from src/main/AndroidManifest.xml:286:13-72
activity#com.duguang.baseanimation.ui.nineold.VPADemo
ADDED from src/main/AndroidManifest.xml:294:9-302:20
	android:label
		ADDED from src/main/AndroidManifest.xml:296:13-54
	android:name
		ADDED from src/main/AndroidManifest.xml:295:13-72